<?xml version="1.0" encoding="UTF-8"?>
<testng-results ignored="0" total="1" passed="1" failed="0" skipped="0">
  <reporter-output>
  </reporter-output>
  <suite started-at="2024-02-12T15:46:17 IST" name="Default suite" finished-at="2024-02-12T15:46:56 IST" duration-ms="39128">
    <groups>
    </groups>
    <test started-at="2024-02-12T15:46:17 IST" name="Default test" finished-at="2024-02-12T15:46:56 IST" duration-ms="39128">
      <class name="testScript.Sample_4Test">
        <test-method signature="testcase()[pri:0, instance:testScript.Sample_4Test@537f60bf]" started-at="2024-02-12T15:46:17 IST" name="testcase" finished-at="2024-02-12T15:46:56 IST" duration-ms="39023" status="PASS">
          <reporter-output>
          </reporter-output>
        </test-method> <!-- testcase -->
      </class> <!-- testScript.Sample_4Test -->
    </test> <!-- Default test -->
  </suite> <!-- Default suite -->
</testng-results>
